<?xml version="1.0" encoding="UTF-8"?>
<Site BuildName="(empty)"
	BuildStamp="20211120-0826-Experimental"
	Name="leh"
	Generator="ctest-3.10.2"
	CompilerName="/usr/bin/c++"
	CompilerVersion="7.5.0"
	OSName="Linux"
	Hostname="leh"
	OSRelease="4.9.201-tegra"
	OSVersion="#1 SMP PREEMPT Fri Feb 19 08:40:32 PST 2021"
	OSPlatform="aarch64"
	Is64Bits="1"
	VendorString=""
	VendorID="Unknown Manufacturer"
	FamilyID="8"
	ModelID="0"
	ProcessorCacheSize="0"
	NumberOfLogicalCPU="4"
	NumberOfPhysicalCPU="1"
	TotalVirtualMemory="1982"
	TotalPhysicalMemory="3964"
	LogicalProcessorsPerPhysical="4"
	ProcessorClockFrequency="0"
	>
	<Testing>
		<StartDateTime>Nov 20 17:26 KST</StartDateTime>
		<StartTestTime>1637396761</StartTestTime>
		<TestList>
			<Test>./lint_cmake</Test>
			<Test>./xmllint</Test>
		</TestList>
		<Test Status="failed">
			<Name>lint_cmake</Name>
			<Path>.</Path>
			<FullName>./lint_cmake</FullName>
			<FullCommandLine>/usr/bin/python3 "-u" "/opt/ros/dashing/share/ament_cmake_test/cmake/run_test.py" "/home/leh/test_ws/build/tutorial_interfaces/test_results/tutorial_interfaces/lint_cmake.xunit.xml" "--package-name" "tutorial_interfaces" "--output-file" "/home/leh/test_ws/build/tutorial_interfaces/ament_lint_cmake/lint_cmake.txt" "--command" "/opt/ros/dashing/bin/ament_lint_cmake" "--xunit-file" "/home/leh/test_ws/build/tutorial_interfaces/test_results/tutorial_interfaces/lint_cmake.xunit.xml"</FullCommandLine>
			<Results>
				<NamedMeasurement type="text/string" name="Exit Code">
					<Value>Failed</Value>
				</NamedMeasurement>
				<NamedMeasurement type="text/string" name="Exit Value">
					<Value>1</Value>
				</NamedMeasurement>
				<NamedMeasurement type="numeric/double" name="Execution Time">
					<Value>1.56562</Value>
				</NamedMeasurement>
				<NamedMeasurement type="numeric/double" name="Processors">
					<Value>1</Value>
				</NamedMeasurement>
				<NamedMeasurement type="text/string" name="Completion Status">
					<Value>Completed</Value>
				</NamedMeasurement>
				<NamedMeasurement type="text/string" name="Command Line">
					<Value>/usr/bin/python3 "-u" "/opt/ros/dashing/share/ament_cmake_test/cmake/run_test.py" "/home/leh/test_ws/build/tutorial_interfaces/test_results/tutorial_interfaces/lint_cmake.xunit.xml" "--package-name" "tutorial_interfaces" "--output-file" "/home/leh/test_ws/build/tutorial_interfaces/ament_lint_cmake/lint_cmake.txt" "--command" "/opt/ros/dashing/bin/ament_lint_cmake" "--xunit-file" "/home/leh/test_ws/build/tutorial_interfaces/test_results/tutorial_interfaces/lint_cmake.xunit.xml"</Value>
				</NamedMeasurement>
				<Measurement>
					<Value>-- run_test.py: invoking following command in '/home/leh/test_ws/src/tutorial_interfaces':
 - /opt/ros/dashing/bin/ament_lint_cmake --xunit-file /home/leh/test_ws/build/tutorial_interfaces/test_results/tutorial_interfaces/lint_cmake.xunit.xml
CMakeLists.txt:27: Tab found; please use spaces [whitespace/tabs]
CMakeLists.txt:28: Tab found; please use spaces [whitespace/tabs]


2 errors
-- run_test.py: return code 1
-- run_test.py: verify result file '/home/leh/test_ws/build/tutorial_interfaces/test_results/tutorial_interfaces/lint_cmake.xunit.xml'
</Value>
				</Measurement>
			</Results>
			<Labels>
				<Label>lint_cmake</Label>
				<Label>linter</Label>
			</Labels>
		</Test>
		<Test Status="failed">
			<Name>xmllint</Name>
			<Path>.</Path>
			<FullName>./xmllint</FullName>
			<FullCommandLine>/usr/bin/python3 "-u" "/opt/ros/dashing/share/ament_cmake_test/cmake/run_test.py" "/home/leh/test_ws/build/tutorial_interfaces/test_results/tutorial_interfaces/xmllint.xunit.xml" "--package-name" "tutorial_interfaces" "--output-file" "/home/leh/test_ws/build/tutorial_interfaces/ament_xmllint/xmllint.txt" "--command" "/opt/ros/dashing/bin/ament_xmllint" "--xunit-file" "/home/leh/test_ws/build/tutorial_interfaces/test_results/tutorial_interfaces/xmllint.xunit.xml"</FullCommandLine>
			<Results>
				<NamedMeasurement type="text/string" name="Exit Code">
					<Value>Failed</Value>
				</NamedMeasurement>
				<NamedMeasurement type="text/string" name="Exit Value">
					<Value>1</Value>
				</NamedMeasurement>
				<NamedMeasurement type="numeric/double" name="Execution Time">
					<Value>2.4902</Value>
				</NamedMeasurement>
				<NamedMeasurement type="numeric/double" name="Processors">
					<Value>1</Value>
				</NamedMeasurement>
				<NamedMeasurement type="text/string" name="Completion Status">
					<Value>Completed</Value>
				</NamedMeasurement>
				<NamedMeasurement type="text/string" name="Command Line">
					<Value>/usr/bin/python3 "-u" "/opt/ros/dashing/share/ament_cmake_test/cmake/run_test.py" "/home/leh/test_ws/build/tutorial_interfaces/test_results/tutorial_interfaces/xmllint.xunit.xml" "--package-name" "tutorial_interfaces" "--output-file" "/home/leh/test_ws/build/tutorial_interfaces/ament_xmllint/xmllint.txt" "--command" "/opt/ros/dashing/bin/ament_xmllint" "--xunit-file" "/home/leh/test_ws/build/tutorial_interfaces/test_results/tutorial_interfaces/xmllint.xunit.xml"</Value>
				</NamedMeasurement>
				<Measurement>
					<Value>-- run_test.py: invoking following command in '/home/leh/test_ws/src/tutorial_interfaces':
 - /opt/ros/dashing/bin/ament_xmllint --xunit-file /home/leh/test_ws/build/tutorial_interfaces/test_results/tutorial_interfaces/xmllint.xunit.xml
File 'package.xml' is invalid:
/home/leh/test_ws/src/tutorial_interfaces/package.xml:14: element buildtool_depend: Schemas validity error : Element 'buildtool_depend': This element is not expected. Expected is one of ( member_of_group, export ).
/home/leh/test_ws/src/tutorial_interfaces/package.xml fails to validate

1 files are invalid
-- run_test.py: return code 1
-- run_test.py: verify result file '/home/leh/test_ws/build/tutorial_interfaces/test_results/tutorial_interfaces/xmllint.xunit.xml'
</Value>
				</Measurement>
			</Results>
			<Labels>
				<Label>linter</Label>
				<Label>xmllint</Label>
			</Labels>
		</Test>
		<EndDateTime>Nov 20 17:26 KST</EndDateTime>
		<EndTestTime>1637396766</EndTestTime>
		<ElapsedMinutes>0</ElapsedMinutes>
	</Testing>
</Site>
