[0.064s] Invoking command in '/home/leh/test_ws/build/tutorial_interfaces': CMAKE_PREFIX_PATH=${CMAKE_PREFIX_PATH}:/home/leh/test_ws/install/py_pubsub:/opt/ros/dashing /usr/bin/cmake --build /home/leh/test_ws/build/tutorial_interfaces -- -j4 -l4
[0.168s] -- Found ament_cmake: 0.7.6 (/opt/ros/dashing/share/ament_cmake/cmake)
[0.278s] -- Found PythonInterp: /usr/bin/python3 (found suitable version "3.6.9", minimum required is "3") 
[0.279s] -- Using PYTHON_EXECUTABLE: /usr/bin/python3
[1.304s] -- Found rosidl_default_generators: 0.7.0 (/opt/ros/dashing/share/rosidl_default_generators/cmake)
[1.584s] -- Found rosidl_adapter: 0.7.10 (/opt/ros/dashing/share/rosidl_adapter/cmake)
[1.983s] -- Found PythonInterp: /usr/bin/python3 (found version "3.6.9") 
[2.582s] CMake Error at /opt/ros/dashing/share/rosidl_adapter/cmake/rosidl_adapt_interfaces.cmake:60 (message):
[2.582s]   execute_process(/usr/bin/python3 -m rosidl_adapter --package-name
[2.583s]   tutorial_interfaces --arguments-file
[2.583s]   /home/leh/test_ws/build/tutorial_interfaces/rosidl_adapter__arguments__tutorial_interfaces.json
[2.584s]   --output-dir
[2.584s]   /home/leh/test_ws/build/tutorial_interfaces/rosidl_adapter/tutorial_interfaces
[2.584s]   --output-file
[2.585s]   /home/leh/test_ws/build/tutorial_interfaces/rosidl_adapter/tutorial_interfaces.idls)
[2.585s]   returned error code 1:
[2.586s] 
[2.588s]   Traceback (most recent call last):
[2.589s] 
[2.589s]     File "/usr/lib/python3.6/runpy.py", line 193, in _run_module_as_main
[2.590s]       "__main__", mod_spec)
[2.591s]     File "/usr/lib/python3.6/runpy.py", line 85, in _run_code
[2.591s]       exec(code, run_globals)
[2.592s]     File "/opt/ros/dashing/lib/python3.6/site-packages/rosidl_adapter/__main__.py", line 19, in <module>
[2.592s]       sys.exit(main())
[2.593s]     File "/opt/ros/dashing/lib/python3.6/site-packages/rosidl_adapter/main.py", line 55, in main
[2.594s]       pathlib.Path(relative_path), output_dir)
[2.594s]     File "/opt/ros/dashing/lib/python3.6/site-packages/rosidl_adapter/__init__.py", line 20, in convert_to_idl
[2.595s]       package_dir, package_name, interface_file, output_dir / 'msg')
[2.595s]     File "/opt/ros/dashing/lib/python3.6/site-packages/rosidl_adapter/msg/__init__.py", line 28, in convert_msg_to_idl
[2.596s]       msg = parse_message_string(package_name, input_file.stem, content)
[2.596s]     File "/opt/ros/dashing/lib/python3.6/site-packages/rosidl_adapter/parser.py", line 528, in parse_message_string
[2.597s]       msg = MessageSpecification(pkg_name, msg_name, fields, constants)
[2.598s]     File "/opt/ros/dashing/lib/python3.6/site-packages/rosidl_adapter/parser.py", line 379, in __init__
[2.598s]       pkg_name + PACKAGE_NAME_MESSAGE_TYPE_SEPARATOR + msg_name)
[2.599s]     File "/opt/ros/dashing/lib/python3.6/site-packages/rosidl_adapter/parser.py", line 202, in __init__
[2.599s]       raise InvalidResourceName(self.type)
[2.600s] 
[2.600s]   rosidl_adapter.parser.InvalidResourceName: Two_integers_array
[2.603s] 
[2.605s] Call Stack (most recent call first):
[2.606s]   /opt/ros/dashing/share/rosidl_cmake/cmake/rosidl_generate_interfaces.cmake:130 (rosidl_adapt_interfaces)
[2.610s]   CMakeLists.txt:26 (rosidl_generate_interfaces)
[2.611s] 
[2.612s] 
[2.614s] -- Configuring incomplete, errors occurred!
[2.614s] See also "/home/leh/test_ws/build/tutorial_interfaces/CMakeFiles/CMakeOutput.log".
[2.615s] make: *** [cmake_check_build_system] Error 1
[2.616s] Makefile:930: recipe for target 'cmake_check_build_system' failed
[2.617s] Invoked command in '/home/leh/test_ws/build/tutorial_interfaces' returned '2': CMAKE_PREFIX_PATH=${CMAKE_PREFIX_PATH}:/home/leh/test_ws/install/py_pubsub:/opt/ros/dashing /usr/bin/cmake --build /home/leh/test_ws/build/tutorial_interfaces -- -j4 -l4
