Start testing: Nov 20 17:26 KST
----------------------------------------------------------
1/2 Testing: lint_cmake
1/2 Test: lint_cmake
Command: "/usr/bin/python3" "-u" "/opt/ros/dashing/share/ament_cmake_test/cmake/run_test.py" "/home/leh/test_ws/build/tutorial_interfaces/test_results/tutorial_interfaces/lint_cmake.xunit.xml" "--package-name" "tutorial_interfaces" "--output-file" "/home/leh/test_ws/build/tutorial_interfaces/ament_lint_cmake/lint_cmake.txt" "--command" "/opt/ros/dashing/bin/ament_lint_cmake" "--xunit-file" "/home/leh/test_ws/build/tutorial_interfaces/test_results/tutorial_interfaces/lint_cmake.xunit.xml"
Directory: /home/leh/test_ws/src/tutorial_interfaces
"lint_cmake" start time: Nov 20 17:26 KST
Output:
----------------------------------------------------------
-- run_test.py: invoking following command in '/home/leh/test_ws/src/tutorial_interfaces':
 - /opt/ros/dashing/bin/ament_lint_cmake --xunit-file /home/leh/test_ws/build/tutorial_interfaces/test_results/tutorial_interfaces/lint_cmake.xunit.xml
CMakeLists.txt:27: Tab found; please use spaces [whitespace/tabs]
CMakeLists.txt:28: Tab found; please use spaces [whitespace/tabs]


2 errors
-- run_test.py: return code 1
-- run_test.py: verify result file '/home/leh/test_ws/build/tutorial_interfaces/test_results/tutorial_interfaces/lint_cmake.xunit.xml'
<end of output>
Test time =   1.57 sec
----------------------------------------------------------
Test Failed.
"lint_cmake" end time: Nov 20 17:26 KST
"lint_cmake" time elapsed: 00:00:01
----------------------------------------------------------

2/2 Testing: xmllint
2/2 Test: xmllint
Command: "/usr/bin/python3" "-u" "/opt/ros/dashing/share/ament_cmake_test/cmake/run_test.py" "/home/leh/test_ws/build/tutorial_interfaces/test_results/tutorial_interfaces/xmllint.xunit.xml" "--package-name" "tutorial_interfaces" "--output-file" "/home/leh/test_ws/build/tutorial_interfaces/ament_xmllint/xmllint.txt" "--command" "/opt/ros/dashing/bin/ament_xmllint" "--xunit-file" "/home/leh/test_ws/build/tutorial_interfaces/test_results/tutorial_interfaces/xmllint.xunit.xml"
Directory: /home/leh/test_ws/src/tutorial_interfaces
"xmllint" start time: Nov 20 17:26 KST
Output:
----------------------------------------------------------
-- run_test.py: invoking following command in '/home/leh/test_ws/src/tutorial_interfaces':
 - /opt/ros/dashing/bin/ament_xmllint --xunit-file /home/leh/test_ws/build/tutorial_interfaces/test_results/tutorial_interfaces/xmllint.xunit.xml
File 'package.xml' is invalid:
/home/leh/test_ws/src/tutorial_interfaces/package.xml:14: element buildtool_depend: Schemas validity error : Element 'buildtool_depend': This element is not expected. Expected is one of ( member_of_group, export ).
/home/leh/test_ws/src/tutorial_interfaces/package.xml fails to validate

1 files are invalid
-- run_test.py: return code 1
-- run_test.py: verify result file '/home/leh/test_ws/build/tutorial_interfaces/test_results/tutorial_interfaces/xmllint.xunit.xml'
<end of output>
Test time =   2.49 sec
----------------------------------------------------------
Test Failed.
"xmllint" end time: Nov 20 17:26 KST
"xmllint" time elapsed: 00:00:02
----------------------------------------------------------

End testing: Nov 20 17:26 KST

lint_cmake =   1.57 sec*proc

linter =   4.06 sec*proc

xmllint =   2.49 sec*proc

