[0.088s] Invoking command in '/home/leh/test_ws/build/tutorial_interfaces': CMAKE_PREFIX_PATH=/opt/ros/dashing /usr/bin/cmake --build /home/leh/test_ws/build/tutorial_interfaces -- -j4 -l4
[0.311s] -- Found ament_cmake: 0.7.6 (/opt/ros/dashing/share/ament_cmake/cmake)
[0.433s] -- Found PythonInterp: /usr/bin/python3 (found suitable version "3.6.9", minimum required is "3") 
[0.434s] -- Using PYTHON_EXECUTABLE: /usr/bin/python3
[1.487s] -- Found rosidl_default_generators: 0.7.0 (/opt/ros/dashing/share/rosidl_default_generators/cmake)
[1.834s] -- Found rosidl_adapter: 0.7.10 (/opt/ros/dashing/share/rosidl_adapter/cmake)
[2.265s] -- Found PythonInterp: /usr/bin/python3 (found version "3.6.9") 
[2.884s] CMake Error at /opt/ros/dashing/share/rosidl_adapter/cmake/rosidl_adapt_interfaces.cmake:60 (message):
[2.885s]   execute_process(/usr/bin/python3 -m rosidl_adapter --package-name
[2.886s]   tutorial_interfaces --arguments-file
[2.887s]   /home/leh/test_ws/build/tutorial_interfaces/rosidl_adapter__arguments__tutorial_interfaces.json
[2.887s]   --output-dir
[2.888s]   /home/leh/test_ws/build/tutorial_interfaces/rosidl_adapter/tutorial_interfaces
[2.890s]   --output-file
[2.891s]   /home/leh/test_ws/build/tutorial_interfaces/rosidl_adapter/tutorial_interfaces.idls)
[2.892s]   returned error code 1:
[2.893s] 
[2.894s]   Traceback (most recent call last):
[2.895s] 
[2.896s]     File "/usr/lib/python3.6/runpy.py", line 193, in _run_module_as_main
[2.896s]       "__main__", mod_spec)
[2.897s]     File "/usr/lib/python3.6/runpy.py", line 85, in _run_code
[2.898s]       exec(code, run_globals)
[2.899s]     File "/opt/ros/dashing/lib/python3.6/site-packages/rosidl_adapter/__main__.py", line 19, in <module>
[2.899s]       sys.exit(main())
[2.900s]     File "/opt/ros/dashing/lib/python3.6/site-packages/rosidl_adapter/main.py", line 55, in main
[2.900s]       pathlib.Path(relative_path), output_dir)
[2.901s]     File "/opt/ros/dashing/lib/python3.6/site-packages/rosidl_adapter/__init__.py", line 20, in convert_to_idl
[2.902s]       package_dir, package_name, interface_file, output_dir / 'msg')
[2.903s]     File "/opt/ros/dashing/lib/python3.6/site-packages/rosidl_adapter/msg/__init__.py", line 28, in convert_msg_to_idl
[2.903s]       msg = parse_message_string(package_name, input_file.stem, content)
[2.904s]     File "/opt/ros/dashing/lib/python3.6/site-packages/rosidl_adapter/parser.py", line 528, in parse_message_string
[2.904s]       msg = MessageSpecification(pkg_name, msg_name, fields, constants)
[2.905s]     File "/opt/ros/dashing/lib/python3.6/site-packages/rosidl_adapter/parser.py", line 379, in __init__
[2.906s]       pkg_name + PACKAGE_NAME_MESSAGE_TYPE_SEPARATOR + msg_name)
[2.907s]     File "/opt/ros/dashing/lib/python3.6/site-packages/rosidl_adapter/parser.py", line 202, in __init__
[2.908s]       raise InvalidResourceName(self.type)
[2.909s] 
[2.911s]   rosidl_adapter.parser.InvalidResourceName: Two_integers_array
[2.912s] 
[2.917s] Call Stack (most recent call first):
[2.919s]   /opt/ros/dashing/share/rosidl_cmake/cmake/rosidl_generate_interfaces.cmake:130 (rosidl_adapt_interfaces)
[2.919s]   CMakeLists.txt:26 (rosidl_generate_interfaces)
[2.920s] 
[2.920s] 
[2.921s] -- Configuring incomplete, errors occurred!
[2.922s] See also "/home/leh/test_ws/build/tutorial_interfaces/CMakeFiles/CMakeOutput.log".
[2.922s] Makefile:930: recipe for target 'cmake_check_build_system' failed
[2.923s] make: *** [cmake_check_build_system] Error 1
[2.924s] Invoked command in '/home/leh/test_ws/build/tutorial_interfaces' returned '2': CMAKE_PREFIX_PATH=/opt/ros/dashing /usr/bin/cmake --build /home/leh/test_ws/build/tutorial_interfaces -- -j4 -l4
